0 info it worked if it ends with ok
1 verbose cli [ '/home/alexey/.nvm/versions/node/v6.9.1/bin/node',
1 verbose cli   '/home/alexey/.nvm/versions/node/v6.9.1/bin/npm',
1 verbose cli   'run',
1 verbose cli   'test' ]
2 info using npm@4.0.3
3 info using node@v6.9.1
4 verbose run-script [ 'pretest', 'test', 'posttest' ]
5 info lifecycle todobackend-at@0.1.0~pretest: todobackend-at@0.1.0
6 silly lifecycle todobackend-at@0.1.0~pretest: no script for pretest, continuing
7 info lifecycle todobackend-at@0.1.0~test: todobackend-at@0.1.0
8 verbose lifecycle todobackend-at@0.1.0~test: unsafe-perm in lifecycle true
9 verbose lifecycle todobackend-at@0.1.0~test: PATH: /home/alexey/.nvm/versions/node/v6.9.1/lib/node_modules/npm/bin/node-gyp-bin:/home/alexey/code/spike-cicd/todobackend-at/node_modules/.bin:/home/alexey/.nvm/versions/node/v6.9.1/bin:/home/alexey/bin:/home/alexey/.local/bin:/usr/local/sbin:/usr/local/bin:/usr/sbin:/usr/bin:/sbin:/bin:/usr/games:/usr/local/games:/snap/bin:/usr/lib/jvm/java-8-oracle/bin:/usr/lib/jvm/java-8-oracle/db/bin:/usr/lib/jvm/java-8-oracle/jre/bin
10 verbose lifecycle todobackend-at@0.1.0~test: CWD: /home/alexey/code/spike-cicd/todobackend-at
11 silly lifecycle todobackend-at@0.1.0~test: Args: [ '-c', 'mocha' ]
12 silly lifecycle todobackend-at@0.1.0~test: Returned: code: 1  signal: null
13 info lifecycle todobackend-at@0.1.0~test: Failed to exec test script
14 verbose stack Error: todobackend-at@0.1.0 test: `mocha`
14 verbose stack Exit status 1
14 verbose stack     at EventEmitter.<anonymous> (/home/alexey/.nvm/versions/node/v6.9.1/lib/node_modules/npm/lib/utils/lifecycle.js:279:16)
14 verbose stack     at emitTwo (events.js:106:13)
14 verbose stack     at EventEmitter.emit (events.js:191:7)
14 verbose stack     at ChildProcess.<anonymous> (/home/alexey/.nvm/versions/node/v6.9.1/lib/node_modules/npm/lib/utils/spawn.js:40:14)
14 verbose stack     at emitTwo (events.js:106:13)
14 verbose stack     at ChildProcess.emit (events.js:191:7)
14 verbose stack     at maybeClose (internal/child_process.js:877:16)
14 verbose stack     at Process.ChildProcess._handle.onexit (internal/child_process.js:226:5)
15 verbose pkgid todobackend-at@0.1.0
16 verbose cwd /home/alexey/code/spike-cicd/todobackend-at
17 error Linux 4.6.5-040605-generic
18 error argv "/home/alexey/.nvm/versions/node/v6.9.1/bin/node" "/home/alexey/.nvm/versions/node/v6.9.1/bin/npm" "run" "test"
19 error node v6.9.1
20 error npm  v4.0.3
21 error code ELIFECYCLE
22 error todobackend-at@0.1.0 test: `mocha`
22 error Exit status 1
23 error Failed at the todobackend-at@0.1.0 test script 'mocha'.
23 error Make sure you have the latest version of node.js and npm installed.
23 error If you do, this is most likely a problem with the todobackend-at package,
23 error not with npm itself.
23 error Tell the author that this fails on your system:
23 error     mocha
23 error You can get information on how to open an issue for this project with:
23 error     npm bugs todobackend-at
23 error Or if that isn't available, you can get their info via:
23 error     npm owner ls todobackend-at
23 error There is likely additional logging output above.
24 verbose exit [ 1, true ]
